<?xml version="1.0" encoding="UTF-8"?>
<coverage generated="1598162087583" clover="3.2.0">
  <project timestamp="1598162087584" name="All files">
    <metrics statements="67" coveredstatements="67" conditionals="18" coveredconditionals="18" methods="12" coveredmethods="12" elements="97" coveredelements="97" complexity="0" loc="67" ncloc="67" packages="2" files="4" classes="4"/>
    <package name="src">
      <metrics statements="14" coveredstatements="14" conditionals="0" coveredconditionals="0" methods="2" coveredmethods="2"/>
      <file name="Index.js" path="/Users/aileen/Desktop/toy-robot-simulator/src/Index.js">
        <metrics statements="14" coveredstatements="14" conditionals="0" coveredconditionals="0" methods="2" coveredmethods="2"/>
        <line num="1" count="1" type="stmt"/>
        <line num="2" count="1" type="stmt"/>
        <line num="3" count="1" type="stmt"/>
        <line num="5" count="1" type="stmt"/>
        <line num="6" count="2" type="stmt"/>
        <line num="7" count="2" type="stmt"/>
        <line num="8" count="2" type="stmt"/>
        <line num="10" count="2" type="stmt"/>
        <line num="11" count="2" type="stmt"/>
        <line num="12" count="2" type="stmt"/>
        <line num="14" count="2" type="stmt"/>
        <line num="15" count="28" type="stmt"/>
        <line num="20" count="1" type="stmt"/>
        <line num="22" count="1" type="stmt"/>
      </file>
    </package>
    <package name="src.Components">
      <metrics statements="53" coveredstatements="53" conditionals="18" coveredconditionals="18" methods="10" coveredmethods="10"/>
      <file name="Board.js" path="/Users/aileen/Desktop/toy-robot-simulator/src/Components/Board.js">
        <metrics statements="4" coveredstatements="4" conditionals="4" coveredconditionals="4" methods="2" coveredmethods="2"/>
        <line num="1" count="2" type="stmt"/>
        <line num="3" count="3" type="stmt"/>
        <line num="4" count="3" type="stmt"/>
        <line num="9" count="20" type="stmt"/>
      </file>
      <file name="Command.js" path="/Users/aileen/Desktop/toy-robot-simulator/src/Components/Command.js">
        <metrics statements="5" coveredstatements="5" conditionals="0" coveredconditionals="0" methods="2" coveredmethods="2"/>
        <line num="1" count="2" type="stmt"/>
        <line num="3" count="3" type="stmt"/>
        <line num="7" count="3" type="stmt"/>
        <line num="8" count="3" type="stmt"/>
        <line num="13" count="3" type="stmt"/>
      </file>
      <file name="Robot.js" path="/Users/aileen/Desktop/toy-robot-simulator/src/Components/Robot.js">
        <metrics statements="44" coveredstatements="44" conditionals="14" coveredconditionals="14" methods="6" coveredmethods="6"/>
        <line num="1" count="3" type="stmt"/>
        <line num="3" count="5" type="stmt"/>
        <line num="4" count="5" type="stmt"/>
        <line num="5" count="5" type="stmt"/>
        <line num="6" count="5" type="stmt"/>
        <line num="11" count="17" type="stmt"/>
        <line num="12" count="17" type="stmt"/>
        <line num="13" count="17" type="stmt"/>
        <line num="14" count="17" type="stmt"/>
        <line num="15" count="17" type="stmt"/>
        <line num="16" count="17" type="stmt"/>
        <line num="19" count="17" type="cond" truecount="2" falsecount="0"/>
        <line num="20" count="14" type="stmt"/>
        <line num="23" count="17" type="stmt"/>
        <line num="28" count="18" type="stmt"/>
        <line num="29" count="18" type="cond" truecount="2" falsecount="0"/>
        <line num="31" count="12" type="stmt"/>
        <line num="36" count="12" type="stmt"/>
        <line num="38" count="12" type="stmt"/>
        <line num="45" count="12" type="stmt"/>
        <line num="47" count="12" type="stmt"/>
        <line num="52" count="12" type="stmt"/>
        <line num="56" count="15" type="stmt"/>
        <line num="57" count="15" type="cond" truecount="2" falsecount="0"/>
        <line num="59" count="11" type="stmt"/>
        <line num="67" count="11" type="stmt"/>
        <line num="68" count="11" type="stmt"/>
        <line num="69" count="11" type="stmt"/>
        <line num="72" count="11" type="cond" truecount="2" falsecount="0"/>
        <line num="73" count="7" type="stmt"/>
        <line num="80" count="11" type="stmt"/>
        <line num="84" count="7" type="stmt"/>
        <line num="85" count="7" type="stmt"/>
        <line num="90" count="33" type="stmt"/>
        <line num="92" count="33" type="cond" truecount="6" falsecount="0"/>
        <line num="94" count="7" type="stmt"/>
        <line num="95" count="7" type="stmt"/>
        <line num="98" count="9" type="stmt"/>
        <line num="99" count="9" type="stmt"/>
        <line num="103" count="8" type="stmt"/>
        <line num="104" count="8" type="stmt"/>
        <line num="107" count="6" type="stmt"/>
        <line num="108" count="6" type="stmt"/>
        <line num="111" count="3" type="stmt"/>
      </file>
    </package>
  </project>
</coverage>
