{"/Users/aileen/Desktop/toy-robot-simulator/src/Index.js": {"path":"/Users/aileen/Desktop/toy-robot-simulator/src/Index.js","statementMap":{"0":{"start":{"line":1,"column":16},"end":{"line":1,"column":50}},"1":{"start":{"line":2,"column":14},"end":{"line":2,"column":46}},"2":{"start":{"line":3,"column":14},"end":{"line":3,"column":46}},"3":{"start":{"line":5,"column":17},"end":{"line":18,"column":1}},"4":{"start":{"line":6,"column":23},"end":{"line":6,"column":47}},"5":{"start":{"line":7,"column":33},"end":{"line":7,"column":50}},"6":{"start":{"line":8,"column":29},"end":{"line":8,"column":35}},"7":{"start":{"line":10,"column":16},"end":{"line":10,"column":45}},"8":{"start":{"line":11,"column":16},"end":{"line":11,"column":56}},"9":{"start":{"line":12,"column":19},"end":{"line":12,"column":62}},"10":{"start":{"line":14,"column":2},"end":{"line":17,"column":5}},"11":{"start":{"line":15,"column":4},"end":{"line":15,"column":27}},"12":{"start":{"line":20,"column":0},"end":{"line":20,"column":11}},"13":{"start":{"line":22,"column":0},"end":{"line":24,"column":2}}},"fnMap":{"0":{"name":"(anonymous_0)","decl":{"start":{"line":5,"column":17},"end":{"line":5,"column":18}},"loc":{"start":{"line":5,"column":23},"end":{"line":18,"column":1}},"line":5},"1":{"name":"(anonymous_1)","decl":{"start":{"line":14,"column":19},"end":{"line":14,"column":20}},"loc":{"start":{"line":14,"column":32},"end":{"line":17,"column":3}},"line":14}},"branchMap":{},"s":{"0":1,"1":1,"2":1,"3":1,"4":2,"5":2,"6":2,"7":2,"8":2,"9":2,"10":2,"11":28,"12":1,"13":1},"f":{"0":2,"1":28},"b":{},"_coverageSchema":"1a1c01bbd47fc00a2c39e90264f33305004495a9","hash":"1d6ac752f3b01d061bff31fbd78b85bdf4bba402"}
,"/Users/aileen/Desktop/toy-robot-simulator/src/Components/Board.js": {"path":"/Users/aileen/Desktop/toy-robot-simulator/src/Components/Board.js","statementMap":{"0":{"start":{"line":1,"column":0},"end":{"line":16,"column":2}},"1":{"start":{"line":3,"column":19},"end":{"line":3,"column":30}},"2":{"start":{"line":4,"column":4},"end":{"line":4,"column":45}},"3":{"start":{"line":9,"column":4},"end":{"line":14,"column":6}}},"fnMap":{"0":{"name":"(anonymous_0)","decl":{"start":{"line":2,"column":2},"end":{"line":2,"column":3}},"loc":{"start":{"line":2,"column":27},"end":{"line":5,"column":3}},"line":2},"1":{"name":"(anonymous_1)","decl":{"start":{"line":8,"column":2},"end":{"line":8,"column":3}},"loc":{"start":{"line":8,"column":35},"end":{"line":15,"column":3}},"line":8}},"branchMap":{"0":{"loc":{"start":{"line":10,"column":6},"end":{"line":13,"column":31}},"type":"binary-expr","locations":[{"start":{"line":10,"column":6},"end":{"line":10,"column":15}},{"start":{"line":11,"column":6},"end":{"line":11,"column":31}},{"start":{"line":12,"column":6},"end":{"line":12,"column":15}},{"start":{"line":13,"column":6},"end":{"line":13,"column":31}}],"line":10}},"s":{"0":2,"1":3,"2":3,"3":20},"f":{"0":3,"1":20},"b":{"0":[20,19,16,15]},"_coverageSchema":"1a1c01bbd47fc00a2c39e90264f33305004495a9","hash":"81336089abd6a0b76c51b8e4babc49453b961f1a"}
,"/Users/aileen/Desktop/toy-robot-simulator/src/Components/Command.js": {"path":"/Users/aileen/Desktop/toy-robot-simulator/src/Components/Command.js","statementMap":{"0":{"start":{"line":1,"column":0},"end":{"line":15,"column":2}},"1":{"start":{"line":3,"column":4},"end":{"line":3,"column":35}},"2":{"start":{"line":7,"column":13},"end":{"line":7,"column":26}},"3":{"start":{"line":8,"column":23},"end":{"line":11,"column":18}},"4":{"start":{"line":13,"column":4},"end":{"line":13,"column":24}}},"fnMap":{"0":{"name":"(anonymous_0)","decl":{"start":{"line":2,"column":2},"end":{"line":2,"column":3}},"loc":{"start":{"line":2,"column":27},"end":{"line":4,"column":3}},"line":2},"1":{"name":"(anonymous_1)","decl":{"start":{"line":6,"column":2},"end":{"line":6,"column":3}},"loc":{"start":{"line":6,"column":20},"end":{"line":14,"column":3}},"line":6}},"branchMap":{},"s":{"0":2,"1":3,"2":3,"3":3,"4":3},"f":{"0":3,"1":3},"b":{},"_coverageSchema":"1a1c01bbd47fc00a2c39e90264f33305004495a9","hash":"bc5594b31c35a691b73c7eb89a75d6256ae864a7"}
,"/Users/aileen/Desktop/toy-robot-simulator/src/Components/Robot.js": {"path":"/Users/aileen/Desktop/toy-robot-simulator/src/Components/Robot.js","statementMap":{"0":{"start":{"line":1,"column":0},"end":{"line":114,"column":2}},"1":{"start":{"line":3,"column":34},"end":{"line":3,"column":49}},"2":{"start":{"line":4,"column":4},"end":{"line":4,"column":39}},"3":{"start":{"line":5,"column":4},"end":{"line":5,"column":58}},"4":{"start":{"line":6,"column":4},"end":{"line":6,"column":23}},"5":{"start":{"line":11,"column":25},"end":{"line":11,"column":46}},"6":{"start":{"line":12,"column":26},"end":{"line":12,"column":49}},"7":{"start":{"line":13,"column":17},"end":{"line":13,"column":43}},"8":{"start":{"line":14,"column":17},"end":{"line":14,"column":43}},"9":{"start":{"line":15,"column":22},"end":{"line":15,"column":38}},"10":{"start":{"line":16,"column":24},"end":{"line":16,"column":63}},"11":{"start":{"line":19,"column":4},"end":{"line":21,"column":5}},"12":{"start":{"line":20,"column":6},"end":{"line":20,"column":34}},"13":{"start":{"line":23,"column":4},"end":{"line":23,"column":25}},"14":{"start":{"line":28,"column":19},"end":{"line":28,"column":39}},"15":{"start":{"line":29,"column":4},"end":{"line":29,"column":60}},"16":{"start":{"line":29,"column":39},"end":{"line":29,"column":60}},"17":{"start":{"line":31,"column":22},"end":{"line":34,"column":5}},"18":{"start":{"line":36,"column":22},"end":{"line":36,"column":40}},"19":{"start":{"line":38,"column":23},"end":{"line":43,"column":5}},"20":{"start":{"line":45,"column":22},"end":{"line":45,"column":51}},"21":{"start":{"line":47,"column":4},"end":{"line":50,"column":6}},"22":{"start":{"line":52,"column":4},"end":{"line":52,"column":25}},"23":{"start":{"line":56,"column":19},"end":{"line":56,"column":39}},"24":{"start":{"line":57,"column":4},"end":{"line":57,"column":60}},"25":{"start":{"line":57,"column":39},"end":{"line":57,"column":60}},"26":{"start":{"line":59,"column":21},"end":{"line":64,"column":5}},"27":{"start":{"line":67,"column":25},"end":{"line":67,"column":41}},"28":{"start":{"line":68,"column":17},"end":{"line":68,"column":49}},"29":{"start":{"line":69,"column":17},"end":{"line":69,"column":49}},"30":{"start":{"line":72,"column":4},"end":{"line":78,"column":5}},"31":{"start":{"line":73,"column":6},"end":{"line":77,"column":8}},"32":{"start":{"line":80,"column":4},"end":{"line":80,"column":25}},"33":{"start":{"line":84,"column":4},"end":{"line":84,"column":31}},"34":{"start":{"line":85,"column":4},"end":{"line":85,"column":25}},"35":{"start":{"line":90,"column":27},"end":{"line":90,"column":48}},"36":{"start":{"line":92,"column":4},"end":{"line":112,"column":5}},"37":{"start":{"line":94,"column":8},"end":{"line":94,"column":28}},"38":{"start":{"line":95,"column":8},"end":{"line":95,"column":14}},"39":{"start":{"line":98,"column":8},"end":{"line":98,"column":20}},"40":{"start":{"line":99,"column":8},"end":{"line":99,"column":14}},"41":{"start":{"line":103,"column":8},"end":{"line":103,"column":27}},"42":{"start":{"line":104,"column":8},"end":{"line":104,"column":14}},"43":{"start":{"line":107,"column":8},"end":{"line":107,"column":22}},"44":{"start":{"line":108,"column":8},"end":{"line":108,"column":14}},"45":{"start":{"line":111,"column":8},"end":{"line":111,"column":37}}},"fnMap":{"0":{"name":"(anonymous_0)","decl":{"start":{"line":2,"column":2},"end":{"line":2,"column":3}},"loc":{"start":{"line":2,"column":38},"end":{"line":7,"column":3}},"line":2},"1":{"name":"(anonymous_1)","decl":{"start":{"line":9,"column":2},"end":{"line":9,"column":3}},"loc":{"start":{"line":9,"column":17},"end":{"line":24,"column":3}},"line":9},"2":{"name":"(anonymous_2)","decl":{"start":{"line":27,"column":2},"end":{"line":27,"column":3}},"loc":{"start":{"line":27,"column":16},"end":{"line":53,"column":3}},"line":27},"3":{"name":"(anonymous_3)","decl":{"start":{"line":55,"column":2},"end":{"line":55,"column":3}},"loc":{"start":{"line":55,"column":9},"end":{"line":81,"column":3}},"line":55},"4":{"name":"(anonymous_4)","decl":{"start":{"line":83,"column":2},"end":{"line":83,"column":3}},"loc":{"start":{"line":83,"column":11},"end":{"line":86,"column":3}},"line":83},"5":{"name":"(anonymous_5)","decl":{"start":{"line":88,"column":2},"end":{"line":88,"column":3}},"loc":{"start":{"line":88,"column":19},"end":{"line":113,"column":3}},"line":88}},"branchMap":{"0":{"loc":{"start":{"line":19,"column":4},"end":{"line":21,"column":5}},"type":"if","locations":[{"start":{"line":19,"column":4},"end":{"line":21,"column":5}},{"start":{"line":19,"column":4},"end":{"line":21,"column":5}}],"line":19},"1":{"loc":{"start":{"line":29,"column":4},"end":{"line":29,"column":60}},"type":"if","locations":[{"start":{"line":29,"column":4},"end":{"line":29,"column":60}},{"start":{"line":29,"column":4},"end":{"line":29,"column":60}}],"line":29},"2":{"loc":{"start":{"line":57,"column":4},"end":{"line":57,"column":60}},"type":"if","locations":[{"start":{"line":57,"column":4},"end":{"line":57,"column":60}},{"start":{"line":57,"column":4},"end":{"line":57,"column":60}}],"line":57},"3":{"loc":{"start":{"line":72,"column":4},"end":{"line":78,"column":5}},"type":"if","locations":[{"start":{"line":72,"column":4},"end":{"line":78,"column":5}},{"start":{"line":72,"column":4},"end":{"line":78,"column":5}}],"line":72},"4":{"loc":{"start":{"line":92,"column":4},"end":{"line":112,"column":5}},"type":"switch","locations":[{"start":{"line":93,"column":6},"end":{"line":95,"column":14}},{"start":{"line":97,"column":6},"end":{"line":99,"column":14}},{"start":{"line":101,"column":6},"end":{"line":101,"column":18}},{"start":{"line":102,"column":6},"end":{"line":104,"column":14}},{"start":{"line":106,"column":6},"end":{"line":108,"column":14}},{"start":{"line":110,"column":6},"end":{"line":111,"column":37}}],"line":92}},"s":{"0":3,"1":5,"2":5,"3":5,"4":5,"5":17,"6":17,"7":17,"8":17,"9":17,"10":17,"11":17,"12":14,"13":17,"14":18,"15":18,"16":6,"17":12,"18":12,"19":12,"20":12,"21":12,"22":12,"23":15,"24":15,"25":4,"26":11,"27":11,"28":11,"29":11,"30":11,"31":7,"32":11,"33":7,"34":7,"35":33,"36":33,"37":7,"38":7,"39":9,"40":9,"41":8,"42":8,"43":6,"44":6,"45":3},"f":{"0":5,"1":17,"2":18,"3":15,"4":7,"5":33},"b":{"0":[14,3],"1":[6,12],"2":[4,11],"3":[7,4],"4":[7,9,3,8,6,3]},"_coverageSchema":"1a1c01bbd47fc00a2c39e90264f33305004495a9","hash":"c543983d57887fa337ef25ac14a714f84130687f"}
}
