TN:
SF:src/Index.js
FN:5,(anonymous_0)
FN:14,(anonymous_1)
FNF:2
FNH:2
FNDA:2,(anonymous_0)
FNDA:28,(anonymous_1)
DA:1,1
DA:2,1
DA:3,1
DA:5,1
DA:6,2
DA:7,2
DA:8,2
DA:10,2
DA:11,2
DA:12,2
DA:14,2
DA:15,28
DA:20,1
DA:22,1
LF:14
LH:14
BRF:0
BRH:0
end_of_record
TN:
SF:src/Components/Board.js
FN:2,(anonymous_0)
FN:8,(anonymous_1)
FNF:2
FNH:2
FNDA:3,(anonymous_0)
FNDA:20,(anonymous_1)
DA:1,2
DA:3,3
DA:4,3
DA:9,20
LF:4
LH:4
BRDA:10,0,0,20
BRDA:10,0,1,19
BRDA:10,0,2,16
BRDA:10,0,3,15
BRF:4
BRH:4
end_of_record
TN:
SF:src/Components/Command.js
FN:2,(anonymous_0)
FN:6,(anonymous_1)
FNF:2
FNH:2
FNDA:3,(anonymous_0)
FNDA:3,(anonymous_1)
DA:1,2
DA:3,3
DA:7,3
DA:8,3
DA:13,3
LF:5
LH:5
BRF:0
BRH:0
end_of_record
TN:
SF:src/Components/Robot.js
FN:2,(anonymous_0)
FN:9,(anonymous_1)
FN:27,(anonymous_2)
FN:55,(anonymous_3)
FN:83,(anonymous_4)
FN:88,(anonymous_5)
FNF:6
FNH:6
FNDA:5,(anonymous_0)
FNDA:17,(anonymous_1)
FNDA:18,(anonymous_2)
FNDA:15,(anonymous_3)
FNDA:7,(anonymous_4)
FNDA:33,(anonymous_5)
DA:1,3
DA:3,5
DA:4,5
DA:5,5
DA:6,5
DA:11,17
DA:12,17
DA:13,17
DA:14,17
DA:15,17
DA:16,17
DA:19,17
DA:20,14
DA:23,17
DA:28,18
DA:29,18
DA:31,12
DA:36,12
DA:38,12
DA:45,12
DA:47,12
DA:52,12
DA:56,15
DA:57,15
DA:59,11
DA:67,11
DA:68,11
DA:69,11
DA:72,11
DA:73,7
DA:80,11
DA:84,7
DA:85,7
DA:90,33
DA:92,33
DA:94,7
DA:95,7
DA:98,9
DA:99,9
DA:103,8
DA:104,8
DA:107,6
DA:108,6
DA:111,3
LF:44
LH:44
BRDA:19,0,0,14
BRDA:19,0,1,3
BRDA:29,1,0,6
BRDA:29,1,1,12
BRDA:57,2,0,4
BRDA:57,2,1,11
BRDA:72,3,0,7
BRDA:72,3,1,4
BRDA:92,4,0,7
BRDA:92,4,1,9
BRDA:92,4,2,3
BRDA:92,4,3,8
BRDA:92,4,4,6
BRDA:92,4,5,3
BRF:14
BRH:14
end_of_record
